2025-02-09 16:16:13,881 - freqtrade.loggers - INFO - Verbosity set to 0
2025-02-09 16:16:13,882 - freqtrade.configuration.configuration - INFO - Runmode set to dry_run.
2025-02-09 16:16:13,882 - freqtrade.configuration.configuration - INFO - Parameter --db-url detected ...
2025-02-09 16:16:13,882 - freqtrade.configuration.configuration - INFO - Dry run is enabled
2025-02-09 16:16:13,882 - freqtrade.configuration.configuration - INFO - Using DB: "sqlite:////freqtrade/user_data/tradesv3.sqlite"
2025-02-09 16:16:13,883 - freqtrade.configuration.configuration - INFO - Using max_open_trades: -1 ...
2025-02-09 16:16:13,891 - freqtrade.configuration.configuration - INFO - Using user-data directory: /freqtrade/user_data ...
2025-02-09 16:16:13,892 - freqtrade.configuration.directory_operations - INFO - Created data directory: None
2025-02-09 16:16:13,892 - freqtrade.configuration.configuration - INFO - Using data directory: /freqtrade/user_data/data/binance ...
2025-02-09 16:16:13,892 - freqtrade.exchange.check_exchange - INFO - Checking exchange...
2025-02-09 16:16:13,897 - freqtrade.exchange.check_exchange - INFO - Exchange "binance" is officially supported by the Freqtrade development team.
2025-02-09 16:16:13,898 - freqtrade.configuration.configuration - INFO - Using pairlist from configuration.
2025-02-09 16:16:13,905 - freqtrade.resolvers.iresolver - INFO - Using resolved strategy SampleStrategy from '/freqtrade/user_data/strategies/sample_strategy.py'...
2025-02-09 16:16:13,905 - freqtrade.strategy.hyper - INFO - Found no parameter file.
2025-02-09 16:16:13,906 - freqtrade.resolvers.strategy_resolver - INFO - Override strategy 'stake_currency' with value in config file: USDT.
2025-02-09 16:16:13,906 - freqtrade.resolvers.strategy_resolver - INFO - Override strategy 'stake_amount' with value in config file: 10000.
2025-02-09 16:16:13,906 - freqtrade.resolvers.strategy_resolver - INFO - Override strategy 'unfilledtimeout' with value in config file: {'entry': 10, 'exit': 10, 'exit_timeout_count': 0, 'unit': 'minutes'}.
2025-02-09 16:16:13,906 - freqtrade.resolvers.strategy_resolver - INFO - Override strategy 'max_open_trades' with value in config file: inf.
2025-02-09 16:16:13,907 - freqtrade.resolvers.strategy_resolver - INFO - Strategy using minimal_roi: {'60': 0.01, '30': 0.02, '0': 0.04}
2025-02-09 16:16:13,907 - freqtrade.resolvers.strategy_resolver - INFO - Strategy using timeframe: 5m
2025-02-09 16:16:13,907 - freqtrade.resolvers.strategy_resolver - INFO - Strategy using stoploss: -0.1
2025-02-09 16:16:13,907 - freqtrade.resolvers.strategy_resolver - INFO - Strategy using trailing_stop: False
2025-02-09 16:16:13,907 - freqtrade.resolvers.strategy_resolver - INFO - Strategy using trailing_stop_positive_offset: 0.0
2025-02-09 16:16:13,907 - freqtrade.resolvers.strategy_resolver - INFO - Strategy using trailing_only_offset_is_reached: False
2025-02-09 16:16:13,908 - freqtrade.resolvers.strategy_resolver - INFO - Strategy using use_custom_stoploss: False
2025-02-09 16:16:13,908 - freqtrade.resolvers.strategy_resolver - INFO - Strategy using process_only_new_candles: True
2025-02-09 16:16:13,908 - freqtrade.resolvers.strategy_resolver - INFO - Strategy using order_types: {'entry': 'limit', 'exit': 'limit', 'stoploss': 'market', 'stoploss_on_exchange': False}
2025-02-09 16:16:13,908 - freqtrade.resolvers.strategy_resolver - INFO - Strategy using order_time_in_force: {'entry': 'GTC', 'exit': 'GTC'}
2025-02-09 16:16:13,909 - freqtrade.resolvers.strategy_resolver - INFO - Strategy using stake_currency: USDT
2025-02-09 16:16:13,909 - freqtrade.resolvers.strategy_resolver - INFO - Strategy using stake_amount: 10000
2025-02-09 16:16:13,909 - freqtrade.resolvers.strategy_resolver - INFO - Strategy using startup_candle_count: 200
2025-02-09 16:16:13,909 - freqtrade.resolvers.strategy_resolver - INFO - Strategy using unfilledtimeout: {'entry': 10, 'exit': 10, 'exit_timeout_count': 0, 'unit': 'minutes'}
2025-02-09 16:16:13,909 - freqtrade.resolvers.strategy_resolver - INFO - Strategy using use_exit_signal: True
2025-02-09 16:16:13,910 - freqtrade.resolvers.strategy_resolver - INFO - Strategy using exit_profit_only: False
2025-02-09 16:16:13,910 - freqtrade.resolvers.strategy_resolver - INFO - Strategy using ignore_roi_if_entry_signal: False
2025-02-09 16:16:13,910 - freqtrade.resolvers.strategy_resolver - INFO - Strategy using exit_profit_offset: 0.0
2025-02-09 16:16:13,910 - freqtrade.resolvers.strategy_resolver - INFO - Strategy using disable_dataframe_checks: False
2025-02-09 16:16:13,910 - freqtrade.resolvers.strategy_resolver - INFO - Strategy using ignore_buying_expired_candle_after: 0
2025-02-09 16:16:13,911 - freqtrade.resolvers.strategy_resolver - INFO - Strategy using position_adjustment_enable: False
2025-02-09 16:16:13,911 - freqtrade.resolvers.strategy_resolver - INFO - Strategy using max_entry_position_adjustment: -1
2025-02-09 16:16:13,911 - freqtrade.resolvers.strategy_resolver - INFO - Strategy using max_open_trades: inf
2025-02-09 16:16:13,911 - freqtrade.configuration.config_validation - INFO - Validating configuration ...
2025-02-09 16:16:13,912 - freqtrade.exchange.exchange - INFO - Instance is running with dry_run enabled
2025-02-09 16:16:13,913 - freqtrade.exchange.exchange - INFO - Using CCXT 4.4.50
2025-02-09 16:16:13,913 - freqtrade.exchange.exchange - INFO - Applying additional ccxt config: {'options': {'defaultType': 'swap'}}
2025-02-09 16:16:13,917 - freqtrade.exchange.exchange - INFO - Applying additional ccxt config: {'options': {'defaultType': 'swap'}}
2025-02-09 16:16:13,921 - freqtrade.exchange.exchange - INFO - Using Exchange "Binance"
2025-02-09 16:16:16,406 - freqtrade.resolvers.exchange_resolver - INFO - Using resolved exchange 'Binance'...
2025-02-09 16:16:16,441 - freqtrade.wallets - INFO - Wallets synced.
2025-02-09 16:16:18,669 - freqtrade.rpc.rpc_manager - INFO - Enabling rpc.api_server
2025-02-09 16:16:18,760 - freqtrade.rpc.api_server.webserver - INFO - Starting HTTP Server at 0.0.0.0:8080
2025-02-09 16:16:18,760 - freqtrade.rpc.api_server.webserver - WARNING - SECURITY WARNING - No password for local REST Server defined. Please make sure that this is intentional!
2025-02-09 16:16:18,761 - freqtrade.rpc.api_server.webserver - INFO - Starting Local Rest Server.
2025-02-09 16:16:18,768 - uvicorn.error - INFO - Started server process [1]
2025-02-09 16:16:18,768 - uvicorn.error - INFO - Waiting for application startup.
2025-02-09 16:16:18,768 - uvicorn.error - INFO - Application startup complete.
2025-02-09 16:16:18,769 - uvicorn.error - INFO - Uvicorn running on http://0.0.0.0:8080 (Press CTRL+C to quit)
2025-02-09 16:16:18,778 - freqtrade.resolvers.iresolver - INFO - Using resolved pairlist VolumePairList from '/freqtrade/freqtrade/plugins/pairlist/VolumePairList.py'...
2025-02-09 16:16:19,699 - VolumePairList - INFO - Pair BNB/USDT:USDT in your blacklist. Removing it from whitelist...
2025-02-09 16:16:19,706 - freqtrade.plugins.pairlistmanager - INFO - Whitelist with 20 pairs: ['BTC/USDT:USDT', 'ETH/USDT:USDT', 'BNX/USDT:USDT', 'SOL/USDT:USDT', 'XRP/USDT:USDT', 'BERA/USDT:USDT', 'TRUMP/USDT:USDT', '1000PEPE/USDT:USDT', 'DOGE/USDT:USDT', 'ME/USDT:USDT', 'SUI/USDT:USDT', 'TST/USDT:USDT', 'FARTCOIN/USDT:USDT', 'WIF/USDT:USDT', 'CAKE/USDT:USDT', 'ADA/USDT:USDT', 'POPCAT/USDT:USDT', 'ENA/USDT:USDT', 'UXLINK/USDT:USDT', 'VVV/USDT:USDT']
2025-02-09 16:16:19,707 - freqtrade.strategy.hyper - INFO - No params for buy found, using default values.
2025-02-09 16:16:19,707 - freqtrade.strategy.hyper - INFO - Strategy Parameter(default): buy_rsi = 30
2025-02-09 16:16:19,708 - freqtrade.strategy.hyper - INFO - Strategy Parameter(default): exit_short_rsi = 30
2025-02-09 16:16:19,708 - freqtrade.strategy.hyper - INFO - No params for sell found, using default values.
2025-02-09 16:16:19,708 - freqtrade.strategy.hyper - INFO - Strategy Parameter(default): sell_rsi = 70
2025-02-09 16:16:19,709 - freqtrade.strategy.hyper - INFO - Strategy Parameter(default): short_rsi = 70
2025-02-09 16:16:19,709 - freqtrade.strategy.hyper - INFO - No params for protection found, using default values.
2025-02-09 16:16:19,709 - freqtrade.plugins.protectionmanager - INFO - No protection Handlers defined.
2025-02-09 16:16:19,710 - freqtrade.rpc.rpc_manager - INFO - Sending rpc message: {'type': status, 'status': 'running'}
2025-02-09 16:16:19,710 - freqtrade.worker - INFO - Changing state to: RUNNING
2025-02-09 16:16:19,710 - freqtrade.util.migrations.binance_mig - WARNING - Migrating binance futures pairs in database.
2025-02-09 16:16:19,713 - freqtrade.util.migrations.binance_mig - WARNING - Done migrating binance futures pairs in database.
2025-02-09 16:16:19,718 - freqtrade.rpc.rpc_manager - INFO - Sending rpc message: {'type': warning, 'status': 'Dry run is enabled. All trades are simulated.'}
2025-02-09 16:16:19,719 - freqtrade.rpc.rpc_manager - INFO - Sending rpc message: {'type': startup, 'status': "*Exchange:* `binance`\n*Stake per trade:* `10000 USDT`\n*Minimum ROI:* `{'60': 0.01, '30': 0.02, '0': 0.04}`\n*Stoploss:* `-0.1`\n*Position adjustment:* `Off`\n*Timeframe:* `5m`\n*Strategy:* `SampleStrategy`"}
2025-02-09 16:16:19,719 - freqtrade.rpc.rpc_manager - INFO - Sending rpc message: {'type': startup, 'status': "Searching for USDT pairs to buy and sell based on [{'VolumePairList': 'VolumePairList - top 20 volume pairs.'}]"}
2025-02-09 16:16:24,963 - freqtrade.worker - INFO - Bot heartbeat. PID=1, version='2025.1', state='RUNNING'
2025-02-09 16:17:24,989 - freqtrade.worker - INFO - Bot heartbeat. PID=1, version='2025.1', state='RUNNING'
2025-02-09 16:18:25,023 - freqtrade.worker - INFO - Bot heartbeat. PID=1, version='2025.1', state='RUNNING'
2025-02-09 16:19:25,057 - freqtrade.worker - INFO - Bot heartbeat. PID=1, version='2025.1', state='RUNNING'
2025-02-09 16:20:26,358 - freqtrade.worker - INFO - Bot heartbeat. PID=1, version='2025.1', state='RUNNING'
2025-02-09 16:21:26,379 - freqtrade.worker - INFO - Bot heartbeat. PID=1, version='2025.1', state='RUNNING'
2025-02-09 16:22:26,425 - freqtrade.worker - INFO - Bot heartbeat. PID=1, version='2025.1', state='RUNNING'
2025-02-09 16:23:26,450 - freqtrade.worker - INFO - Bot heartbeat. PID=1, version='2025.1', state='RUNNING'
2025-02-09 16:24:26,485 - freqtrade.worker - INFO - Bot heartbeat. PID=1, version='2025.1', state='RUNNING'
2025-02-09 16:24:36,293 - uvicorn.error - WARNING - Invalid HTTP request received.
2025-02-09 16:24:36,296 - uvicorn.error - WARNING - Invalid HTTP request received.
2025-02-09 16:25:13,804 - uvicorn.error - WARNING - Invalid HTTP request received.
2025-02-09 16:25:13,808 - uvicorn.error - WARNING - Invalid HTTP request received.
2025-02-09 16:25:26,527 - freqtrade.worker - INFO - Bot heartbeat. PID=1, version='2025.1', state='RUNNING'
2025-02-09 16:25:36,782 - uvicorn.error - WARNING - Invalid HTTP request received.
2025-02-09 16:25:36,787 - uvicorn.error - WARNING - Invalid HTTP request received.
2025-02-09 16:26:26,559 - freqtrade.worker - INFO - Bot heartbeat. PID=1, version='2025.1', state='RUNNING'
2025-02-09 16:27:02,231 - freqtrade.commands.trade_commands - INFO - worker found ... calling exit
2025-02-09 16:27:02,234 - freqtrade.rpc.rpc_manager - INFO - Sending rpc message: {'type': status, 'status': 'process died'}
2025-02-09 16:27:02,235 - freqtrade.freqtradebot - INFO - Cleaning up modules ...
2025-02-09 16:27:02,236 - freqtrade.rpc.rpc_manager - INFO - Cleaning up rpc modules ...
2025-02-09 16:27:02,237 - freqtrade.rpc.rpc_manager - INFO - Cleaning up rpc.apiserver ...
2025-02-09 16:27:02,237 - freqtrade.rpc.api_server.webserver - INFO - Stopping API Server
2025-02-09 16:27:02,257 - uvicorn.error - INFO - Shutting down
2025-02-09 16:27:02,360 - uvicorn.error - INFO - Waiting for application shutdown.
2025-02-09 16:27:02,362 - uvicorn.error - INFO - Application shutdown complete.
2025-02-09 16:27:02,363 - uvicorn.error - INFO - Finished server process [1]
2025-02-09 16:27:02,625 - freqtrade - INFO - SIGINT received, aborting ...
2025-02-09 16:27:07,245 - freqtrade.loggers - INFO - Verbosity set to 0
2025-02-09 16:27:07,246 - freqtrade.configuration.configuration - INFO - Runmode set to dry_run.
2025-02-09 16:27:07,246 - freqtrade.configuration.configuration - INFO - Parameter --db-url detected ...
2025-02-09 16:27:07,246 - freqtrade.configuration.configuration - INFO - Dry run is enabled
2025-02-09 16:27:07,246 - freqtrade.configuration.configuration - INFO - Using DB: "sqlite:////freqtrade/user_data/tradesv3.sqlite"
2025-02-09 16:27:07,247 - freqtrade.configuration.configuration - INFO - Using max_open_trades: -1 ...
2025-02-09 16:27:07,256 - freqtrade.configuration.configuration - INFO - Using user-data directory: /freqtrade/user_data ...
2025-02-09 16:27:07,256 - freqtrade.configuration.configuration - INFO - Using data directory: /freqtrade/user_data/data/binance ...
2025-02-09 16:27:07,257 - freqtrade.exchange.check_exchange - INFO - Checking exchange...
2025-02-09 16:27:07,262 - freqtrade.exchange.check_exchange - INFO - Exchange "binance" is officially supported by the Freqtrade development team.
2025-02-09 16:27:07,262 - freqtrade.configuration.configuration - INFO - Using pairlist from configuration.
2025-02-09 16:27:07,267 - freqtrade.resolvers.iresolver - INFO - Using resolved strategy SampleStrategy from '/freqtrade/user_data/strategies/sample_strategy.py'...
2025-02-09 16:27:07,268 - freqtrade.strategy.hyper - INFO - Found no parameter file.
2025-02-09 16:27:07,268 - freqtrade.resolvers.strategy_resolver - INFO - Override strategy 'stake_currency' with value in config file: USDT.
2025-02-09 16:27:07,268 - freqtrade.resolvers.strategy_resolver - INFO - Override strategy 'stake_amount' with value in config file: 10000.
2025-02-09 16:27:07,268 - freqtrade.resolvers.strategy_resolver - INFO - Override strategy 'unfilledtimeout' with value in config file: {'entry': 10, 'exit': 10, 'exit_timeout_count': 0, 'unit': 'minutes'}.
2025-02-09 16:27:07,269 - freqtrade.resolvers.strategy_resolver - INFO - Override strategy 'max_open_trades' with value in config file: inf.
2025-02-09 16:27:07,269 - freqtrade.resolvers.strategy_resolver - INFO - Strategy using minimal_roi: {'60': 0.01, '30': 0.02, '0': 0.04}
2025-02-09 16:27:07,269 - freqtrade.resolvers.strategy_resolver - INFO - Strategy using timeframe: 5m
2025-02-09 16:27:07,269 - freqtrade.resolvers.strategy_resolver - INFO - Strategy using stoploss: -0.1
2025-02-09 16:27:07,269 - freqtrade.resolvers.strategy_resolver - INFO - Strategy using trailing_stop: False
2025-02-09 16:27:07,270 - freqtrade.resolvers.strategy_resolver - INFO - Strategy using trailing_stop_positive_offset: 0.0
2025-02-09 16:27:07,270 - freqtrade.resolvers.strategy_resolver - INFO - Strategy using trailing_only_offset_is_reached: False
2025-02-09 16:27:07,270 - freqtrade.resolvers.strategy_resolver - INFO - Strategy using use_custom_stoploss: False
2025-02-09 16:27:07,270 - freqtrade.resolvers.strategy_resolver - INFO - Strategy using process_only_new_candles: True
2025-02-09 16:27:07,271 - freqtrade.resolvers.strategy_resolver - INFO - Strategy using order_types: {'entry': 'limit', 'exit': 'limit', 'stoploss': 'market', 'stoploss_on_exchange': False}
2025-02-09 16:27:07,271 - freqtrade.resolvers.strategy_resolver - INFO - Strategy using order_time_in_force: {'entry': 'GTC', 'exit': 'GTC'}
2025-02-09 16:27:07,271 - freqtrade.resolvers.strategy_resolver - INFO - Strategy using stake_currency: USDT
2025-02-09 16:27:07,271 - freqtrade.resolvers.strategy_resolver - INFO - Strategy using stake_amount: 10000
2025-02-09 16:27:07,271 - freqtrade.resolvers.strategy_resolver - INFO - Strategy using startup_candle_count: 200
2025-02-09 16:27:07,272 - freqtrade.resolvers.strategy_resolver - INFO - Strategy using unfilledtimeout: {'entry': 10, 'exit': 10, 'exit_timeout_count': 0, 'unit': 'minutes'}
2025-02-09 16:27:07,272 - freqtrade.resolvers.strategy_resolver - INFO - Strategy using use_exit_signal: True
2025-02-09 16:27:07,272 - freqtrade.resolvers.strategy_resolver - INFO - Strategy using exit_profit_only: False
2025-02-09 16:27:07,272 - freqtrade.resolvers.strategy_resolver - INFO - Strategy using ignore_roi_if_entry_signal: False
2025-02-09 16:27:07,272 - freqtrade.resolvers.strategy_resolver - INFO - Strategy using exit_profit_offset: 0.0
2025-02-09 16:27:07,272 - freqtrade.resolvers.strategy_resolver - INFO - Strategy using disable_dataframe_checks: False
2025-02-09 16:27:07,273 - freqtrade.resolvers.strategy_resolver - INFO - Strategy using ignore_buying_expired_candle_after: 0
2025-02-09 16:27:07,273 - freqtrade.resolvers.strategy_resolver - INFO - Strategy using position_adjustment_enable: False
2025-02-09 16:27:07,273 - freqtrade.resolvers.strategy_resolver - INFO - Strategy using max_entry_position_adjustment: -1
2025-02-09 16:27:07,273 - freqtrade.resolvers.strategy_resolver - INFO - Strategy using max_open_trades: inf
2025-02-09 16:27:07,274 - freqtrade.configuration.config_validation - INFO - Validating configuration ...
2025-02-09 16:27:07,275 - freqtrade.exchange.exchange - INFO - Instance is running with dry_run enabled
2025-02-09 16:27:07,275 - freqtrade.exchange.exchange - INFO - Using CCXT 4.4.50
2025-02-09 16:27:07,275 - freqtrade.exchange.exchange - INFO - Applying additional ccxt config: {'options': {'defaultType': 'swap'}}
2025-02-09 16:27:07,279 - freqtrade.exchange.exchange - INFO - Applying additional ccxt config: {'options': {'defaultType': 'swap'}}
2025-02-09 16:27:07,283 - freqtrade.exchange.exchange - INFO - Using Exchange "Binance"
2025-02-09 16:27:10,338 - freqtrade.resolvers.exchange_resolver - INFO - Using resolved exchange 'Binance'...
2025-02-09 16:27:10,351 - freqtrade.wallets - INFO - Wallets synced.
2025-02-09 16:27:11,231 - freqtrade.rpc.rpc_manager - INFO - Enabling rpc.api_server
2025-02-09 16:27:11,329 - freqtrade.rpc.api_server.webserver - INFO - Starting HTTP Server at 0.0.0.0:8080
2025-02-09 16:27:11,329 - freqtrade.rpc.api_server.webserver - INFO - Starting Local Rest Server.
2025-02-09 16:27:11,335 - uvicorn.error - INFO - Started server process [1]
2025-02-09 16:27:11,335 - uvicorn.error - INFO - Waiting for application startup.
2025-02-09 16:27:11,336 - uvicorn.error - INFO - Application startup complete.
2025-02-09 16:27:11,336 - uvicorn.error - INFO - Uvicorn running on http://0.0.0.0:8080 (Press CTRL+C to quit)
2025-02-09 16:27:11,345 - freqtrade.resolvers.iresolver - INFO - Using resolved pairlist VolumePairList from '/freqtrade/freqtrade/plugins/pairlist/VolumePairList.py'...
2025-02-09 16:27:11,774 - VolumePairList - INFO - Pair BNB/USDT:USDT in your blacklist. Removing it from whitelist...
2025-02-09 16:27:11,782 - freqtrade.plugins.pairlistmanager - INFO - Whitelist with 20 pairs: ['BTC/USDT:USDT', 'ETH/USDT:USDT', 'BNX/USDT:USDT', 'SOL/USDT:USDT', 'XRP/USDT:USDT', 'BERA/USDT:USDT', 'TRUMP/USDT:USDT', '1000PEPE/USDT:USDT', 'DOGE/USDT:USDT', 'ME/USDT:USDT', 'SUI/USDT:USDT', 'TST/USDT:USDT', 'FARTCOIN/USDT:USDT', 'WIF/USDT:USDT', 'CAKE/USDT:USDT', 'ADA/USDT:USDT', 'ENA/USDT:USDT', 'POPCAT/USDT:USDT', 'UXLINK/USDT:USDT', 'VVV/USDT:USDT']
2025-02-09 16:27:11,783 - freqtrade.strategy.hyper - INFO - No params for buy found, using default values.
2025-02-09 16:27:11,784 - freqtrade.strategy.hyper - INFO - Strategy Parameter(default): buy_rsi = 30
2025-02-09 16:27:11,784 - freqtrade.strategy.hyper - INFO - Strategy Parameter(default): exit_short_rsi = 30
2025-02-09 16:27:11,785 - freqtrade.strategy.hyper - INFO - No params for sell found, using default values.
2025-02-09 16:27:11,785 - freqtrade.strategy.hyper - INFO - Strategy Parameter(default): sell_rsi = 70
2025-02-09 16:27:11,785 - freqtrade.strategy.hyper - INFO - Strategy Parameter(default): short_rsi = 70
2025-02-09 16:27:11,786 - freqtrade.strategy.hyper - INFO - No params for protection found, using default values.
2025-02-09 16:27:11,786 - freqtrade.plugins.protectionmanager - INFO - No protection Handlers defined.
2025-02-09 16:27:11,786 - freqtrade.rpc.rpc_manager - INFO - Sending rpc message: {'type': status, 'status': 'running'}
2025-02-09 16:27:11,787 - freqtrade.worker - INFO - Changing state to: RUNNING
2025-02-09 16:27:11,787 - freqtrade.util.migrations.binance_mig - WARNING - Migrating binance futures pairs in database.
2025-02-09 16:27:11,790 - freqtrade.util.migrations.binance_mig - WARNING - Done migrating binance futures pairs in database.
2025-02-09 16:27:11,795 - freqtrade.rpc.rpc_manager - INFO - Sending rpc message: {'type': warning, 'status': 'Dry run is enabled. All trades are simulated.'}
2025-02-09 16:27:11,795 - freqtrade.rpc.rpc_manager - INFO - Sending rpc message: {'type': startup, 'status': "*Exchange:* `binance`\n*Stake per trade:* `10000 USDT`\n*Minimum ROI:* `{'60': 0.01, '30': 0.02, '0': 0.04}`\n*Stoploss:* `-0.1`\n*Position adjustment:* `Off`\n*Timeframe:* `5m`\n*Strategy:* `SampleStrategy`"}
2025-02-09 16:27:11,795 - freqtrade.rpc.rpc_manager - INFO - Sending rpc message: {'type': startup, 'status': "Searching for USDT pairs to buy and sell based on [{'VolumePairList': 'VolumePairList - top 20 volume pairs.'}]"}
2025-02-09 16:27:16,426 - uvicorn.error - WARNING - Invalid HTTP request received.
2025-02-09 16:27:16,429 - uvicorn.error - WARNING - Invalid HTTP request received.
2025-02-09 16:27:16,875 - freqtrade.worker - INFO - Bot heartbeat. PID=1, version='2025.1', state='RUNNING'
2025-02-09 16:27:21,656 - uvicorn.error - INFO - ('172.18.0.1', 60422) - "WebSocket /api/v1/message/ws?token=eyJhbGciOiJIUzI1NiIsInR5cCI6IkpXVCJ9.eyJpZGVudGl0eSI6eyJ1IjoiZnJlcXRyYWRlciJ9LCJleHAiOjE3MzkxMTkzNDEsImlhdCI6MTczOTExODQ0MSwidHlwZSI6ImFjY2VzcyJ9.fRAXFtyCPnoscyPWpcbvJgFABsOI4DCpB3CL-yv07pM" [accepted]
2025-02-09 16:27:21,656 - freqtrade.rpc.api_server.ws.channel - INFO - Connected to channel - WebSocketChannel(6dd7ae04, ('172.18.0.1', 60422))
2025-02-09 16:27:21,659 - uvicorn.error - INFO - connection open
2025-02-09 16:27:21,677 - uvicorn.error - INFO - ('172.18.0.1', 60424) - "WebSocket /api/v1/message/ws?token=eyJhbGciOiJIUzI1NiIsInR5cCI6IkpXVCJ9.eyJpZGVudGl0eSI6eyJ1IjoiZnJlcXRyYWRlciJ9LCJleHAiOjE3MzkxMTkzNDEsImlhdCI6MTczOTExODQ0MSwidHlwZSI6ImFjY2VzcyJ9.fRAXFtyCPnoscyPWpcbvJgFABsOI4DCpB3CL-yv07pM" [accepted]
2025-02-09 16:27:21,678 - freqtrade.rpc.api_server.ws.channel - INFO - Connected to channel - WebSocketChannel(2bb40281, ('172.18.0.1', 60424))
2025-02-09 16:27:21,679 - uvicorn.error - INFO - connection open
2025-02-09 16:28:21,875 - freqtrade.worker - INFO - Bot heartbeat. PID=1, version='2025.1', state='RUNNING'
2025-02-09 16:29:21,896 - freqtrade.worker - INFO - Bot heartbeat. PID=1, version='2025.1', state='RUNNING'
2025-02-09 16:30:26,301 - freqtrade.worker - INFO - Bot heartbeat. PID=1, version='2025.1', state='RUNNING'
2025-02-09 16:31:06,377 - freqtrade.wallets - INFO - Wallets synced.
2025-02-09 16:31:26,348 - freqtrade.worker - INFO - Bot heartbeat. PID=1, version='2025.1', state='RUNNING'
2025-02-09 16:32:26,370 - freqtrade.worker - INFO - Bot heartbeat. PID=1, version='2025.1', state='RUNNING'
2025-02-09 16:33:26,397 - freqtrade.worker - INFO - Bot heartbeat. PID=1, version='2025.1', state='RUNNING'
2025-02-09 16:33:56,269 - uvicorn.error - INFO - connection closed
2025-02-09 16:33:56,271 - freqtrade.rpc.api_server.ws.channel - INFO - Disconnected from channel - WebSocketChannel(6dd7ae04, ('172.18.0.1', 60422))
2025-02-09 16:33:56,274 - uvicorn.error - INFO - connection closed
2025-02-09 16:33:56,274 - freqtrade.rpc.api_server.ws.channel - INFO - Disconnected from channel - WebSocketChannel(2bb40281, ('172.18.0.1', 60424))
2025-02-09 16:33:56,308 - uvicorn.error - WARNING - Invalid HTTP request received.
2025-02-09 16:33:56,310 - uvicorn.error - WARNING - Invalid HTTP request received.
2025-02-09 16:33:57,226 - uvicorn.error - INFO - ('172.18.0.1', 57286) - "WebSocket /api/v1/message/ws?token=eyJhbGciOiJIUzI1NiIsInR5cCI6IkpXVCJ9.eyJpZGVudGl0eSI6eyJ1IjoiZnJlcXRyYWRlciJ9LCJleHAiOjE3MzkxMTk3MzYsImlhdCI6MTczOTExODgzNiwidHlwZSI6ImFjY2VzcyJ9.96zrm9WvtmeqRnASFVrRQWT8q_kNcVK7ZU8G3DT03Wc" [accepted]
2025-02-09 16:33:57,227 - freqtrade.rpc.api_server.ws.channel - INFO - Connected to channel - WebSocketChannel(e4688286, ('172.18.0.1', 57286))
2025-02-09 16:33:57,228 - uvicorn.error - INFO - connection open
2025-02-09 16:33:57,243 - uvicorn.error - INFO - ('172.18.0.1', 57302) - "WebSocket /api/v1/message/ws?token=eyJhbGciOiJIUzI1NiIsInR5cCI6IkpXVCJ9.eyJpZGVudGl0eSI6eyJ1IjoiZnJlcXRyYWRlciJ9LCJleHAiOjE3MzkxMTk3MzYsImlhdCI6MTczOTExODgzNiwidHlwZSI6ImFjY2VzcyJ9.96zrm9WvtmeqRnASFVrRQWT8q_kNcVK7ZU8G3DT03Wc" [accepted]
2025-02-09 16:33:57,243 - freqtrade.rpc.api_server.ws.channel - INFO - Connected to channel - WebSocketChannel(c4446561, ('172.18.0.1', 57302))
2025-02-09 16:33:57,244 - uvicorn.error - INFO - connection open
2025-02-09 16:34:04,093 - uvicorn.error - INFO - connection closed
2025-02-09 16:34:04,094 - uvicorn.error - INFO - connection closed
2025-02-09 16:34:04,095 - freqtrade.rpc.api_server.ws.channel - INFO - Disconnected from channel - WebSocketChannel(e4688286, ('172.18.0.1', 57286))
2025-02-09 16:34:04,096 - freqtrade.rpc.api_server.ws.channel - INFO - Disconnected from channel - WebSocketChannel(c4446561, ('172.18.0.1', 57302))
2025-02-09 16:34:04,126 - uvicorn.error - WARNING - Invalid HTTP request received.
2025-02-09 16:34:04,129 - uvicorn.error - WARNING - Invalid HTTP request received.
2025-02-09 16:34:04,530 - uvicorn.error - INFO - ('172.18.0.1', 57354) - "WebSocket /api/v1/message/ws?token=eyJhbGciOiJIUzI1NiIsInR5cCI6IkpXVCJ9.eyJpZGVudGl0eSI6eyJ1IjoiZnJlcXRyYWRlciJ9LCJleHAiOjE3MzkxMTk3NDQsImlhdCI6MTczOTExODg0NCwidHlwZSI6ImFjY2VzcyJ9.hfrAbGp8xndWe51FAJlAb8j7tOVzsW2x20LZTRb7Tek" [accepted]
2025-02-09 16:34:04,532 - freqtrade.rpc.api_server.ws.channel - INFO - Connected to channel - WebSocketChannel(d4de4113, ('172.18.0.1', 57354))
2025-02-09 16:34:04,533 - uvicorn.error - INFO - connection open
2025-02-09 16:34:26,431 - freqtrade.worker - INFO - Bot heartbeat. PID=1, version='2025.1', state='RUNNING'
2025-02-09 16:35:31,291 - freqtrade.worker - INFO - Bot heartbeat. PID=1, version='2025.1', state='RUNNING'
2025-02-09 16:36:31,316 - freqtrade.worker - INFO - Bot heartbeat. PID=1, version='2025.1', state='RUNNING'
2025-02-09 16:37:31,355 - freqtrade.worker - INFO - Bot heartbeat. PID=1, version='2025.1', state='RUNNING'
2025-02-09 16:38:31,259 - uvicorn.error - INFO - connection closed
2025-02-09 16:38:31,262 - freqtrade.rpc.api_server.ws.channel - INFO - Disconnected from channel - WebSocketChannel(d4de4113, ('172.18.0.1', 57354))
2025-02-09 16:38:31,305 - uvicorn.error - WARNING - Invalid HTTP request received.
2025-02-09 16:38:31,308 - uvicorn.error - WARNING - Invalid HTTP request received.
2025-02-09 16:38:31,399 - freqtrade.worker - INFO - Bot heartbeat. PID=1, version='2025.1', state='RUNNING'
2025-02-09 16:38:32,237 - uvicorn.error - INFO - ('172.18.0.1', 55916) - "WebSocket /api/v1/message/ws?token=eyJhbGciOiJIUzI1NiIsInR5cCI6IkpXVCJ9.eyJpZGVudGl0eSI6eyJ1IjoiZnJlcXRyYWRlciJ9LCJleHAiOjE3MzkxMjAwMTEsImlhdCI6MTczOTExOTExMSwidHlwZSI6ImFjY2VzcyJ9.exaM-kPSWL9bnIdD8rs7iJdIKA0QyoebhrDbhuZbrwA" [accepted]
2025-02-09 16:38:32,237 - freqtrade.rpc.api_server.ws.channel - INFO - Connected to channel - WebSocketChannel(55d40c3e, ('172.18.0.1', 55916))
2025-02-09 16:38:32,238 - uvicorn.error - INFO - connection open
2025-02-09 16:38:32,250 - uvicorn.error - INFO - ('172.18.0.1', 55926) - "WebSocket /api/v1/message/ws?token=eyJhbGciOiJIUzI1NiIsInR5cCI6IkpXVCJ9.eyJpZGVudGl0eSI6eyJ1IjoiZnJlcXRyYWRlciJ9LCJleHAiOjE3MzkxMjAwMTEsImlhdCI6MTczOTExOTExMSwidHlwZSI6ImFjY2VzcyJ9.exaM-kPSWL9bnIdD8rs7iJdIKA0QyoebhrDbhuZbrwA" [accepted]
2025-02-09 16:38:32,250 - freqtrade.rpc.api_server.ws.channel - INFO - Connected to channel - WebSocketChannel(85532246, ('172.18.0.1', 55926))
2025-02-09 16:38:32,251 - uvicorn.error - INFO - connection open
2025-02-09 16:38:54,833 - uvicorn.error - INFO - connection closed
2025-02-09 16:38:54,835 - uvicorn.error - INFO - connection closed
2025-02-09 16:38:54,836 - freqtrade.rpc.api_server.ws.channel - INFO - Disconnected from channel - WebSocketChannel(55d40c3e, ('172.18.0.1', 55916))
2025-02-09 16:38:54,837 - freqtrade.rpc.api_server.ws.channel - INFO - Disconnected from channel - WebSocketChannel(85532246, ('172.18.0.1', 55926))
2025-02-09 16:38:54,871 - uvicorn.error - WARNING - Invalid HTTP request received.
2025-02-09 16:38:54,875 - uvicorn.error - WARNING - Invalid HTTP request received.
2025-02-09 16:38:55,733 - uvicorn.error - INFO - ('172.18.0.1', 64862) - "WebSocket /api/v1/message/ws?token=eyJhbGciOiJIUzI1NiIsInR5cCI6IkpXVCJ9.eyJpZGVudGl0eSI6eyJ1IjoiZnJlcXRyYWRlciJ9LCJleHAiOjE3MzkxMjAwMzUsImlhdCI6MTczOTExOTEzNSwidHlwZSI6ImFjY2VzcyJ9.IECcLcaZzPbcdklUpVfPF_YIxEXB3sY-nInEsasql-4" [accepted]
2025-02-09 16:38:55,735 - freqtrade.rpc.api_server.ws.channel - INFO - Connected to channel - WebSocketChannel(8580681b, ('172.18.0.1', 64862))
2025-02-09 16:38:55,736 - uvicorn.error - INFO - connection open
2025-02-09 16:39:31,432 - freqtrade.worker - INFO - Bot heartbeat. PID=1, version='2025.1', state='RUNNING'
2025-02-09 16:40:36,298 - freqtrade.worker - INFO - Bot heartbeat. PID=1, version='2025.1', state='RUNNING'
2025-02-09 16:41:36,341 - freqtrade.worker - INFO - Bot heartbeat. PID=1, version='2025.1', state='RUNNING'
2025-02-09 16:42:36,375 - freqtrade.worker - INFO - Bot heartbeat. PID=1, version='2025.1', state='RUNNING'
2025-02-09 16:43:36,414 - freqtrade.worker - INFO - Bot heartbeat. PID=1, version='2025.1', state='RUNNING'
2025-02-09 16:44:36,453 - freqtrade.worker - INFO - Bot heartbeat. PID=1, version='2025.1', state='RUNNING'
2025-02-09 16:45:41,422 - freqtrade.worker - INFO - Bot heartbeat. PID=1, version='2025.1', state='RUNNING'
2025-02-09 16:46:41,475 - freqtrade.worker - INFO - Bot heartbeat. PID=1, version='2025.1', state='RUNNING'
2025-02-09 16:47:41,512 - freqtrade.worker - INFO - Bot heartbeat. PID=1, version='2025.1', state='RUNNING'
2025-02-09 16:48:41,544 - freqtrade.worker - INFO - Bot heartbeat. PID=1, version='2025.1', state='RUNNING'
2025-02-09 16:49:41,583 - freqtrade.worker - INFO - Bot heartbeat. PID=1, version='2025.1', state='RUNNING'
2025-02-09 16:50:46,308 - freqtrade.worker - INFO - Bot heartbeat. PID=1, version='2025.1', state='RUNNING'
2025-02-09 16:51:46,359 - freqtrade.worker - INFO - Bot heartbeat. PID=1, version='2025.1', state='RUNNING'
2025-02-09 16:52:46,404 - freqtrade.worker - INFO - Bot heartbeat. PID=1, version='2025.1', state='RUNNING'
2025-02-09 16:53:46,452 - freqtrade.worker - INFO - Bot heartbeat. PID=1, version='2025.1', state='RUNNING'
2025-02-09 16:54:46,491 - freqtrade.worker - INFO - Bot heartbeat. PID=1, version='2025.1', state='RUNNING'
2025-02-09 16:55:51,322 - freqtrade.worker - INFO - Bot heartbeat. PID=1, version='2025.1', state='RUNNING'
2025-02-09 16:56:51,367 - freqtrade.worker - INFO - Bot heartbeat. PID=1, version='2025.1', state='RUNNING'
2025-02-09 16:57:16,893 - freqtrade.plugins.pairlistmanager - INFO - Whitelist with 20 pairs: ['BTC/USDT:USDT', 'ETH/USDT:USDT', 'BNX/USDT:USDT', 'SOL/USDT:USDT', 'XRP/USDT:USDT', 'BERA/USDT:USDT', 'TRUMP/USDT:USDT', 'DOGE/USDT:USDT', '1000PEPE/USDT:USDT', 'ME/USDT:USDT', 'SUI/USDT:USDT', 'TST/USDT:USDT', 'FARTCOIN/USDT:USDT', 'WIF/USDT:USDT', 'CAKE/USDT:USDT', 'ADA/USDT:USDT', 'ENA/USDT:USDT', 'POPCAT/USDT:USDT', 'VVV/USDT:USDT', 'UXLINK/USDT:USDT']
2025-02-09 16:57:51,418 - freqtrade.worker - INFO - Bot heartbeat. PID=1, version='2025.1', state='RUNNING'
2025-02-09 16:58:51,471 - freqtrade.worker - INFO - Bot heartbeat. PID=1, version='2025.1', state='RUNNING'
2025-02-09 16:59:03,820 - freqtrade.commands.trade_commands - INFO - worker found ... calling exit
2025-02-09 16:59:03,821 - freqtrade.rpc.rpc_manager - INFO - Sending rpc message: {'type': status, 'status': 'process died'}
2025-02-09 16:59:03,821 - freqtrade.freqtradebot - INFO - Cleaning up modules ...
2025-02-09 16:59:03,822 - freqtrade.rpc.rpc_manager - INFO - Cleaning up rpc modules ...
2025-02-09 16:59:03,822 - freqtrade.rpc.rpc_manager - INFO - Cleaning up rpc.apiserver ...
2025-02-09 16:59:03,823 - freqtrade.rpc.api_server.webserver - INFO - Stopping API Server
2025-02-09 16:59:03,871 - uvicorn.error - INFO - Shutting down
2025-02-09 16:59:03,873 - uvicorn.error - INFO - connection closed
2025-02-09 16:59:03,874 - freqtrade.rpc.api_server.ws.channel - INFO - Disconnected from channel - WebSocketChannel(8580681b, ('172.18.0.1', 64862))
2025-02-09 16:59:03,979 - uvicorn.error - INFO - Waiting for application shutdown.
2025-02-09 16:59:03,981 - uvicorn.error - INFO - Application shutdown complete.
2025-02-09 16:59:03,982 - uvicorn.error - INFO - Finished server process [1]
2025-02-09 16:59:04,239 - freqtrade - INFO - SIGINT received, aborting ...
